<?xml version="1.0" encoding="UTF-8"?>
<!-- Generated by org.testng.reporters.JUnitReportReporter -->
<testsuite skipped="0" hostname="MacBook-Pro.local" name="testCases.LoginTest" tests="1" failures="0" timestamp="2020-08-24T22:39:24 PDT" time="11.017" errors="0">
  <testcase name="loginTest" time="11.017" classname="testCases.LoginTest"/>
</testsuite> <!-- testCases.LoginTest -->
